<?xml version="1.0" encoding="UTF-8" ?>
<testsuite tests="6" failures="1" name="testRunner.TestRun" time="137.259" errors="0" skipped="0">
  <properties>
    <property name="java.runtime.name" value="Java(TM) SE Runtime Environment"/>
    <property name="java.vm.version" value="13.0.2+8"/>
    <property name="sun.boot.library.path" value="C:\Program Files\Java\jdk-13.0.2\bin"/>
    <property name="maven.multiModuleProjectDirectory" value="D:\Education\IntelliJ_Projects\Cucumber_Project_2"/>
    <property name="java.vm.vendor" value="Oracle Corporation"/>
    <property name="java.vendor.url" value="https://java.oracle.com/"/>
    <property name="guice.disable.misplaced.annotation.check" value="true"/>
    <property name="path.separator" value=";"/>
    <property name="java.vm.name" value="Java HotSpot(TM) 64-Bit Server VM"/>
    <property name="sun.os.patch.level" value=""/>
    <property name="user.script" value=""/>
    <property name="user.country" value="IN"/>
    <property name="sun.java.launcher" value="SUN_STANDARD"/>
    <property name="java.vm.specification.name" value="Java Virtual Machine Specification"/>
    <property name="user.dir" value="D:\Education\IntelliJ_Projects\Cucumber_Project_2"/>
    <property name="java.vm.compressedOopsMode" value="Zero based"/>
    <property name="java.runtime.version" value="13.0.2+8"/>
    <property name="os.arch" value="amd64"/>
    <property name="java.io.tmpdir" value="C:\Users\aksha\AppData\Local\Temp\"/>
    <property name="line.separator" value="
"/>
    <property name="java.vm.specification.vendor" value="Oracle Corporation"/>
    <property name="user.variant" value=""/>
    <property name="os.name" value="Windows 10"/>
    <property name="maven.ext.class.path" value="C:\Program Files\JetBrains\IntelliJ IDEA Community Edition 2019.3.4\plugins\maven\lib\maven-event-listener.jar"/>
    <property name="classworlds.conf" value="C:\apache-maven-3.6.3\bin\m2.conf"/>
    <property name="sun.jnu.encoding" value="Cp1252"/>
    <property name="java.library.path" value="C:\Program Files\Java\jdk-13.0.2\bin;C:\Windows\Sun\Java\bin;C:\Windows\system32;C:\Windows;C:\Program Files (x86)\Common Files\Oracle\Java\javapath;C:\Program Files (x86)\Intel\Intel(R) Management Engine Components\iCLS\;C:\Program Files\Intel\Intel(R) Management Engine Components\iCLS\;C:\windows\system32;C:\windows;C:\windows\System32\Wbem;C:\windows\System32\WindowsPowerShell\v1.0\;C:\windows\System32\OpenSSH\;C:\Program Files (x86)\Intel\Intel(R) Management Engine Components\DAL;C:\Program Files\Intel\Intel(R) Management Engine Components\DAL;C:\Program Files (x86)\Intel\Intel(R) Management Engine Components\IPT;C:\Program Files\Intel\Intel(R) Management Engine Components\IPT;C:\Program Files (x86)\NVIDIA Corporation\PhysX\Common;C:\Windows\system32;C:\Windows;C:\Windows\System32\Wbem;C:\Windows\System32\WindowsPowerShell\v1.0\;C:\Windows\System32\OpenSSH\;C:\Program Files\NVIDIA Corporation\NVIDIA NvDLISR;C:\Program Files\Java\jdk-13.0.2\bin;C:\Program Files\Java\jre1.8.0_241\bin;C:\apache-maven-3.6.3\bin;C:\apache-maven-3.6.3\\bin;C:\Program Files\Java\jdk-13.0.2\lib;C:\apache-maven-3.6.3\\bin;C:\Users\aksha\AppData\Local\Microsoft\WindowsApps;C:\Users\aksha\AppData\Local\GitHubDesktop\bin;."/>
    <property name="maven.conf" value="C:\apache-maven-3.6.3/conf"/>
    <property name="jdk.debug" value="release"/>
    <property name="java.class.version" value="57.0"/>
    <property name="java.specification.name" value="Java Platform API Specification"/>
    <property name="sun.management.compiler" value="HotSpot 64-Bit Tiered Compilers"/>
    <property name="idea.version2019.3.4" value="true"/>
    <property name="os.version" value="10.0"/>
    <property name="user.home" value="C:\Users\aksha"/>
    <property name="user.timezone" value="Europe/Dublin"/>
    <property name="file.encoding" value="UTF-8"/>
    <property name="java.specification.version" value="13"/>
    <property name="user.name" value="aksha"/>
    <property name="java.class.path" value="C:\apache-maven-3.6.3\boot\plexus-classworlds-2.6.0.jar;C:\apache-maven-3.6.3\boot\plexus-classworlds.license"/>
    <property name="java.vm.specification.version" value="13"/>
    <property name="sun.arch.data.model" value="64"/>
    <property name="sun.java.command" value="org.codehaus.classworlds.Launcher -Didea.version2019.3.4 test"/>
    <property name="java.home" value="C:\Program Files\Java\jdk-13.0.2"/>
    <property name="user.language" value="en"/>
    <property name="java.specification.vendor" value="Oracle Corporation"/>
    <property name="java.vm.info" value="mixed mode, sharing"/>
    <property name="java.version" value="13.0.2"/>
    <property name="java.vendor" value="Oracle Corporation"/>
    <property name="maven.home" value="C:\apache-maven-3.6.3"/>
    <property name="file.separator" value="\"/>
    <property name="java.version.date" value="2020-01-14"/>
    <property name="java.vendor.url.bug" value="https://bugreport.java.com/bugreport/"/>
    <property name="sun.io.unicode.encoding" value="UnicodeLittle"/>
    <property name="sun.cpu.endian" value="little"/>
    <property name="sun.cpu.isalist" value="amd64"/>
  </properties>
  <testcase classname="Add a new Customer" name="Add a new customer" time="44.74"/>
  <testcase classname="Add a new Customer" name="Search Customer by EMailID" time="25.793"/>
  <testcase classname="Add a new Customer" name="Search Customer by Name" time="24.37"/>
  <testcase classname="Login" name="Successful Login with Valid Credentials" time="17.157"/>
  <testcase classname="Login" name="Successful Login with Valid Credentials" time="15.415"/>
  <testcase classname="Login" name="Successful Login with Valid Credentials" time="9.784">
    <failure type="java.lang.AssertionError">java.lang.AssertionError
	at org.junit.Assert.fail(Assert.java:86)
	at org.junit.Assert.assertTrue(Assert.java:41)
	at org.junit.Assert.assertTrue(Assert.java:52)
	at stepDefinitions.Steps.page_Title_after_login_should_be(Steps.java:46)
	at âœ½.Page Title after login should be &quot;Dashboard / nopCommerce administration&quot;(file:///D:/Education/IntelliJ_Projects/Cucumber_Project_2/Features/Login.feature:18)
</failure>
    <system-out>
Scenario Outline: Successful Login with Valid Credentials                        # Features/Login.feature:26
  Given User Launch Chrome Browser                                               # stepDefinitions.Steps.user_Launch_Chrome_Browser()
  When User opens URL &quot;https://admin-demo.nopcommerce.com/login&quot;                 # stepDefinitions.Steps.user_opens_URL(java.lang.String)
  When User enters Email as &quot;admin1@yourstore.com&quot; and Password as &quot;admin123&quot;    # stepDefinitions.Steps.user_enters_Email_as_and_Password_as(java.lang.String,java.lang.String)
  And click on Login                                                             # stepDefinitions.Steps.click_on_Login()
  Then Page Title after login should be &quot;Dashboard / nopCommerce administration&quot; # stepDefinitions.Steps.page_Title_after_login_should_be(java.lang.String)
      java.lang.AssertionError
	at org.junit.Assert.fail(Assert.java:86)
	at org.junit.Assert.assertTrue(Assert.java:41)
	at org.junit.Assert.assertTrue(Assert.java:52)
	at stepDefinitions.Steps.page_Title_after_login_should_be(Steps.java:46)
	at ?.Page Title after login should be &quot;Dashboard / nopCommerce administration&quot;(file:///D:/Education/IntelliJ_Projects/Cucumber_Project_2/Features/Login.feature:18)

  When User click on Log out link                                                # stepDefinitions.Steps.user_click_on_Log_out_link()
  Then Page Title after logout should be &quot;Your store. Login&quot;                     # stepDefinitions.Steps.page_Title_after_logout_should_be(java.lang.String)
  And close browser                                                              # stepDefinitions.Steps.close_browser()
</system-out>
    <system-err>Starting ChromeDriver 2.43.600210 (68dcf5eebde37173d4027fa8635e332711d2874a) on port 37247
Only local connections are allowed.
[1585857081.687][WARNING]: Timed out connecting to Chrome, retrying...
Apr 02, 2020 8:51:23 PM org.openqa.selenium.remote.ProtocolHandshake createSession
INFO: Detected dialect: OSS
</system-err>
  </testcase>
</testsuite>